error: Oct-19-2025 00:13:25: Error: Mobile number must be valid and between 10 to 15 numbers
    at Object.<anonymous> (/Users/jeeshanoffice/Development/BazarGhorr-Backend/api/helpers/utils/validations/auth/register.js:35:9)
    at Module._compile (node:internal/modules/cjs/loader:1504:14)
    at Module._extensions..js (node:internal/modules/cjs/loader:1588:10)
    at Module.load (node:internal/modules/cjs/loader:1282:32)
    at Module._load (node:internal/modules/cjs/loader:1098:12)
    at TracingChannel.traceSync (node:diagnostics_channel:315:14)
    at wrapModuleLoad (node:internal/modules/cjs/loader:215:24)
    at Module.require (node:internal/modules/cjs/loader:1304:12)
    at require (node:internal/modules/helpers:123:16)
    at Object.<anonymous> (/Users/jeeshanoffice/Development/BazarGhorr-Backend/api/helpers/utils/validations/auth/index.js:1:28)
error: Oct-19-2025 00:13:59: Error: Mobile number must be valid and between 10 to 15 numbers
    at Object.<anonymous> (/Users/jeeshanoffice/Development/BazarGhorr-Backend/api/helpers/utils/validations/auth/register.js:35:9)
    at Module._compile (node:internal/modules/cjs/loader:1504:14)
    at Module._extensions..js (node:internal/modules/cjs/loader:1588:10)
    at Module.load (node:internal/modules/cjs/loader:1282:32)
    at Module._load (node:internal/modules/cjs/loader:1098:12)
    at TracingChannel.traceSync (node:diagnostics_channel:315:14)
    at wrapModuleLoad (node:internal/modules/cjs/loader:215:24)
    at Module.require (node:internal/modules/cjs/loader:1304:12)
    at require (node:internal/modules/helpers:123:16)
    at Object.<anonymous> (/Users/jeeshanoffice/Development/BazarGhorr-Backend/api/helpers/utils/validations/auth/index.js:1:28)
error: Oct-19-2025 00:21:35: Error: Mobile number must be valid and between 10 to 15 numbers
    at Object.<anonymous> (/Users/jeeshanoffice/Development/BazarGhorr-Backend/api/helpers/utils/validations/auth/register.js:35:9)
    at Module._compile (node:internal/modules/cjs/loader:1504:14)
    at Module._extensions..js (node:internal/modules/cjs/loader:1588:10)
    at Module.load (node:internal/modules/cjs/loader:1282:32)
    at Module._load (node:internal/modules/cjs/loader:1098:12)
    at TracingChannel.traceSync (node:diagnostics_channel:315:14)
    at wrapModuleLoad (node:internal/modules/cjs/loader:215:24)
    at Module.require (node:internal/modules/cjs/loader:1304:12)
    at require (node:internal/modules/helpers:123:16)
    at Object.<anonymous> (/Users/jeeshanoffice/Development/BazarGhorr-Backend/api/helpers/utils/validations/auth/index.js:1:28)
error: Oct-19-2025 00:22:27: Error: Mobile number must be valid and between 10 to 15 numbers
    at Object.<anonymous> (/Users/jeeshanoffice/Development/BazarGhorr-Backend/api/helpers/utils/validations/auth/register.js:35:9)
    at Module._compile (node:internal/modules/cjs/loader:1504:14)
    at Module._extensions..js (node:internal/modules/cjs/loader:1588:10)
    at Module.load (node:internal/modules/cjs/loader:1282:32)
    at Module._load (node:internal/modules/cjs/loader:1098:12)
    at TracingChannel.traceSync (node:diagnostics_channel:315:14)
    at wrapModuleLoad (node:internal/modules/cjs/loader:215:24)
    at Module.require (node:internal/modules/cjs/loader:1304:12)
    at require (node:internal/modules/helpers:123:16)
    at Object.<anonymous> (/Users/jeeshanoffice/Development/BazarGhorr-Backend/api/helpers/utils/validations/auth/index.js:1:28)
error: Oct-19-2025 00:22:51: Error: Mobile number must be valid and between 10 to 15 numbers
    at Object.<anonymous> (/Users/jeeshanoffice/Development/BazarGhorr-Backend/api/helpers/utils/validations/auth/register.js:35:9)
    at Module._compile (node:internal/modules/cjs/loader:1504:14)
    at Module._extensions..js (node:internal/modules/cjs/loader:1588:10)
    at Module.load (node:internal/modules/cjs/loader:1282:32)
    at Module._load (node:internal/modules/cjs/loader:1098:12)
    at TracingChannel.traceSync (node:diagnostics_channel:315:14)
    at wrapModuleLoad (node:internal/modules/cjs/loader:215:24)
    at Module.require (node:internal/modules/cjs/loader:1304:12)
    at require (node:internal/modules/helpers:123:16)
    at Object.<anonymous> (/Users/jeeshanoffice/Development/BazarGhorr-Backend/api/helpers/utils/validations/auth/index.js:1:28)
error: Oct-19-2025 00:24:45: ValidationError: "mobNo" is required
error: Oct-19-2025 00:25:00: ValidationError: Mobile number must be exactly 10 digits
error: Oct-19-2025 00:25:06: Error: Shop name is required and must be between 2-100 characters
    at Object.<anonymous> (/Users/jeeshanoffice/Development/BazarGhorr-Backend/api/helpers/utils/validations/auth/register.js:78:9)
    at Module._compile (node:internal/modules/cjs/loader:1504:14)
    at Module._extensions..js (node:internal/modules/cjs/loader:1588:10)
    at Module.load (node:internal/modules/cjs/loader:1282:32)
    at Module._load (node:internal/modules/cjs/loader:1098:12)
    at TracingChannel.traceSync (node:diagnostics_channel:315:14)
    at wrapModuleLoad (node:internal/modules/cjs/loader:215:24)
    at Module.require (node:internal/modules/cjs/loader:1304:12)
    at require (node:internal/modules/helpers:123:16)
    at Object.<anonymous> (/Users/jeeshanoffice/Development/BazarGhorr-Backend/api/helpers/utils/validations/auth/index.js:1:28)
error: Oct-19-2025 00:27:54: Error: Shop address is required and must be between 10-500 characters
    at Object.<anonymous> (/Users/jeeshanoffice/Development/BazarGhorr-Backend/api/helpers/utils/validations/auth/register.js:89:9)
    at Module._compile (node:internal/modules/cjs/loader:1504:14)
    at Module._extensions..js (node:internal/modules/cjs/loader:1588:10)
    at Module.load (node:internal/modules/cjs/loader:1282:32)
    at Module._load (node:internal/modules/cjs/loader:1098:12)
    at TracingChannel.traceSync (node:diagnostics_channel:315:14)
    at wrapModuleLoad (node:internal/modules/cjs/loader:215:24)
    at Module.require (node:internal/modules/cjs/loader:1304:12)
    at require (node:internal/modules/helpers:123:16)
    at Object.<anonymous> (/Users/jeeshanoffice/Development/BazarGhorr-Backend/api/helpers/utils/validations/auth/index.js:1:28)
error: Oct-19-2025 00:28:14: Error: You must give consent to proceed
    at Object.<anonymous> (/Users/jeeshanoffice/Development/BazarGhorr-Backend/api/helpers/utils/validations/auth/register.js:98:14)
    at Module._compile (node:internal/modules/cjs/loader:1504:14)
    at Module._extensions..js (node:internal/modules/cjs/loader:1588:10)
    at Module.load (node:internal/modules/cjs/loader:1282:32)
    at Module._load (node:internal/modules/cjs/loader:1098:12)
    at TracingChannel.traceSync (node:diagnostics_channel:315:14)
    at wrapModuleLoad (node:internal/modules/cjs/loader:215:24)
    at Module.require (node:internal/modules/cjs/loader:1304:12)
    at require (node:internal/modules/helpers:123:16)
    at Object.<anonymous> (/Users/jeeshanoffice/Development/BazarGhorr-Backend/api/helpers/utils/validations/auth/index.js:1:28)
error: Oct-19-2025 01:33:25: ValidationError: User validation failed: gender: `Male` is not a valid enum value for path `gender`.
    at Document.invalidate (/Users/jeeshanoffice/Development/BazarGhorr-Backend/node_modules/mongoose/lib/document.js:3219:32)
    at /Users/jeeshanoffice/Development/BazarGhorr-Backend/node_modules/mongoose/lib/document.js:3012:17
    at /Users/jeeshanoffice/Development/BazarGhorr-Backend/node_modules/mongoose/lib/schematype.js:1368:9
    at process.processTicksAndRejections (node:internal/process/task_queues:77:11)
